<?xml version="1.0" encoding="UTF-8"?>
<testng-results ignored="0" total="1" passed="0" failed="1" skipped="0">
  <reporter-output>
  </reporter-output>
  <suite started-at="2023-02-07T16:07:30 IST" name="Default suite" finished-at="2023-02-07T16:11:13 IST" duration-ms="223139">
    <groups>
    </groups>
    <test started-at="2023-02-07T16:07:30 IST" name="Default test" finished-at="2023-02-07T16:11:13 IST" duration-ms="223139">
      <class name="orangrHrm.testCases.TC_LoginTest_001">
        <test-method is-config="true" signature="setup()[pri:0, instance:orangrHrm.testCases.TC_LoginTest_001@3e27ba32]" started-at="2023-02-07T16:07:30 IST" name="setup" finished-at="2023-02-07T16:10:55 IST" duration-ms="205002" status="PASS">
          <reporter-output>
          </reporter-output>
        </test-method> <!-- setup -->
        <test-method signature="loginTest()[pri:0, instance:orangrHrm.testCases.TC_LoginTest_001@3e27ba32]" started-at="2023-02-07T16:10:55 IST" name="loginTest" finished-at="2023-02-07T16:11:11 IST" duration-ms="15997" status="FAIL">
          <exception class="org.openqa.selenium.InvalidSelectorException">
            <message>
              <![CDATA[Compound class names not permitted
For documentation on this error, please visit: https://selenium.dev/exceptions/#invalid_selector_exception
Build info: version: '4.7.2', revision: '4d4020c3b7'
System info: os.name: 'Windows 10', os.arch: 'amd64', os.version: '10.0', java.version: '17.0.5'
Driver info: driver.version: unknown]]>
            </message>
            <full-stacktrace>
              <![CDATA[org.openqa.selenium.InvalidSelectorException: Compound class names not permitted
For documentation on this error, please visit: https://selenium.dev/exceptions/#invalid_selector_exception
Build info: version: '4.7.2', revision: '4d4020c3b7'
System info: os.name: 'Windows 10', os.arch: 'amd64', os.version: '10.0', java.version: '17.0.5'
Driver info: driver.version: unknown
at org.openqa.selenium.By$ByClassName.<init>(By.java:310)
at org.openqa.selenium.By.className(By.java:100)
at org.openqa.selenium.support.AbstractFindByBuilder.buildByFromShortFindBy(AbstractFindByBuilder.java:43)
at org.openqa.selenium.support.FindBy$FindByBuilder.buildIt(FindBy.java:85)
at org.openqa.selenium.support.pagefactory.Annotations.buildBy(Annotations.java:79)
at org.openqa.selenium.support.pagefactory.DefaultElementLocator.<init>(DefaultElementLocator.java:58)
at org.openqa.selenium.support.pagefactory.DefaultElementLocator.<init>(DefaultElementLocator.java:46)
at org.openqa.selenium.support.pagefactory.DefaultElementLocatorFactory.createLocator(DefaultElementLocatorFactory.java:33)
at org.openqa.selenium.support.pagefactory.DefaultFieldDecorator.decorate(DefaultFieldDecorator.java:57)
at org.openqa.selenium.support.PageFactory.proxyFields(PageFactory.java:111)
at org.openqa.selenium.support.PageFactory.initElements(PageFactory.java:103)
at org.openqa.selenium.support.PageFactory.initElements(PageFactory.java:90)
at org.openqa.selenium.support.PageFactory.initElements(PageFactory.java:78)
at orangrHrm.pageObjects.LoginPage.<init>(LoginPage.java:16)
at orangrHrm.testCases.TC_LoginTest_001.loginTest(TC_LoginTest_001.java:17)
at java.base/jdk.internal.reflect.NativeMethodAccessorImpl.invoke0(Native Method)
at java.base/jdk.internal.reflect.NativeMethodAccessorImpl.invoke(NativeMethodAccessorImpl.java:77)
at java.base/jdk.internal.reflect.DelegatingMethodAccessorImpl.invoke(DelegatingMethodAccessorImpl.java:43)
at java.base/java.lang.reflect.Method.invoke(Method.java:568)
at org.testng.internal.invokers.MethodInvocationHelper.invokeMethod(MethodInvocationHelper.java:139)
at org.testng.internal.invokers.TestInvoker.invokeMethod(TestInvoker.java:677)
at org.testng.internal.invokers.TestInvoker.invokeTestMethod(TestInvoker.java:221)
at org.testng.internal.invokers.MethodRunner.runInSequence(MethodRunner.java:50)
at org.testng.internal.invokers.TestInvoker$MethodInvocationAgent.invoke(TestInvoker.java:962)
at org.testng.internal.invokers.TestInvoker.invokeTestMethods(TestInvoker.java:194)
at org.testng.internal.invokers.TestMethodWorker.invokeTestMethods(TestMethodWorker.java:148)
at org.testng.internal.invokers.TestMethodWorker.run(TestMethodWorker.java:128)
at java.base/java.util.ArrayList.forEach(ArrayList.java:1511)
at org.testng.TestRunner.privateRun(TestRunner.java:806)
at org.testng.TestRunner.run(TestRunner.java:601)
at org.testng.SuiteRunner.runTest(SuiteRunner.java:433)
at org.testng.SuiteRunner.runSequentially(SuiteRunner.java:427)
at org.testng.SuiteRunner.privateRun(SuiteRunner.java:387)
at org.testng.SuiteRunner.run(SuiteRunner.java:330)
at org.testng.SuiteRunnerWorker.runSuite(SuiteRunnerWorker.java:52)
at org.testng.SuiteRunnerWorker.run(SuiteRunnerWorker.java:95)
at org.testng.TestNG.runSuitesSequentially(TestNG.java:1256)
at org.testng.TestNG.runSuitesLocally(TestNG.java:1176)
at org.testng.TestNG.runSuites(TestNG.java:1099)
at org.testng.TestNG.run(TestNG.java:1067)
at org.testng.remote.AbstractRemoteTestNG.run(AbstractRemoteTestNG.java:115)
at org.testng.remote.RemoteTestNG.initAndRun(RemoteTestNG.java:251)
at org.testng.remote.RemoteTestNG.main(RemoteTestNG.java:77)
]]>
            </full-stacktrace>
          </exception> <!-- org.openqa.selenium.InvalidSelectorException -->
          <reporter-output>
          </reporter-output>
        </test-method> <!-- loginTest -->
        <test-method is-config="true" signature="tearDown()[pri:0, instance:orangrHrm.testCases.TC_LoginTest_001@3e27ba32]" started-at="2023-02-07T16:11:11 IST" name="tearDown" finished-at="2023-02-07T16:11:13 IST" duration-ms="1986" status="PASS">
          <reporter-output>
          </reporter-output>
        </test-method> <!-- tearDown -->
      </class> <!-- orangrHrm.testCases.TC_LoginTest_001 -->
    </test> <!-- Default test -->
  </suite> <!-- Default suite -->
</testng-results>
